[2024-11-09 13:39:06 +0000] [446696] [INFO] Starting gunicorn 23.0.0
[2024-11-09 13:39:06 +0000] [446696] [INFO] Listening at: http://0.0.0.0:8002 (446696)
[2024-11-09 13:39:06 +0000] [446696] [INFO] Using worker: sync
[2024-11-09 13:39:06 +0000] [446697] [INFO] Booting worker with pid: 446697
[2024-11-09 13:39:06 +0000] [446698] [INFO] Booting worker with pid: 446698
[2024-11-09 13:39:06 +0000] [446699] [INFO] Booting worker with pid: 446699
[2024-11-09 13:39:06 +0000] [446700] [INFO] Booting worker with pid: 446700
/home/metafan/panel/penv/lib/python3.12/site-packages/django_jalali/db/models.py:386: RuntimeWarning: DateTimeField MonthlyReport.created_at received a naive datetime (1403-01-01 00:00:00) while time zone support is active.
  warnings.warn(
/home/metafan/panel/penv/lib/python3.12/site-packages/django_jalali/db/models.py:386: RuntimeWarning: DateTimeField MonthlyReport.created_at received a naive datetime (1403-12-30 00:00:00) while time zone support is active.
  warnings.warn(
/home/metafan/panel/penv/lib/python3.12/site-packages/django_jalali/db/models.py:386: RuntimeWarning: DateTimeField MonthlyReport.created_at received a naive datetime (1403-01-01 00:00:00) while time zone support is active.
  warnings.warn(
/home/metafan/panel/penv/lib/python3.12/site-packages/django_jalali/db/models.py:386: RuntimeWarning: DateTimeField MonthlyReport.created_at received a naive datetime (1403-12-30 00:00:00) while time zone support is active.
  warnings.warn(
/home/metafan/panel/penv/lib/python3.12/site-packages/django_jalali/db/models.py:386: RuntimeWarning: DateTimeField MonthlyReport.created_at received a naive datetime (1403-01-01 00:00:00) while time zone support is active.
  warnings.warn(
/home/metafan/panel/penv/lib/python3.12/site-packages/django_jalali/db/models.py:386: RuntimeWarning: DateTimeField MonthlyReport.created_at received a naive datetime (1403-12-30 00:00:00) while time zone support is active.
  warnings.warn(
[2024-11-09 13:48:52 +0000] [446696] [INFO] Handling signal: term
[2024-11-09 17:18:52 +0330] [446697] [INFO] Worker exiting (pid: 446697)
[2024-11-09 17:18:52 +0330] [446699] [INFO] Worker exiting (pid: 446699)
[2024-11-09 17:18:52 +0330] [446700] [INFO] Worker exiting (pid: 446700)
[2024-11-09 17:18:52 +0330] [446698] [INFO] Worker exiting (pid: 446698)
[2024-11-09 13:48:52 +0000] [446696] [INFO] Shutting down: Master

Error: Error: '/var/log/gunicorn.log' isn't writable [PermissionError(13, 'Permission denied')]


Error: Error: '/var/log/gunicorn.log' isn't writable [PermissionError(13, 'Permission denied')]


Error: Error: '/var/log/gunicorn.log' isn't writable [PermissionError(13, 'Permission denied')]


Error: Error: '/var/log/gunicorn.log' isn't writable [PermissionError(13, 'Permission denied')]


Error: Error: '/var/log/gunicorn.log' isn't writable [PermissionError(13, 'Permission denied')]


Error: Error: '/var/log/gunicorn.log' isn't writable [PermissionError(13, 'Permission denied')]


Error: Error: '/var/log/gunicorn.log' isn't writable [PermissionError(13, 'Permission denied')]


Error: Error: '/var/log/gunicorn.log' isn't writable [PermissionError(13, 'Permission denied')]


Error: Error: '/var/log/gunicorn.log' isn't writable [PermissionError(13, 'Permission denied')]


Error: Error: '/var/log/gunicorn.log' isn't writable [PermissionError(13, 'Permission denied')]


Error: Error: '/var/log/gunicorn.log' isn't writable [PermissionError(13, 'Permission denied')]


Error: Error: '/var/log/gunicorn.log' isn't writable [PermissionError(13, 'Permission denied')]


Error: Error: '/var/log/gunicorn.log' isn't writable [PermissionError(13, 'Permission denied')]


Error: Error: '/var/log/gunicorn.log' isn't writable [PermissionError(13, 'Permission denied')]


Error: Error: '/var/log/gunicorn.log' isn't writable [PermissionError(13, 'Permission denied')]


Error: Error: '/var/log/gunicorn.log' isn't writable [PermissionError(13, 'Permission denied')]


Error: Error: '/var/log/gunicorn.log' isn't writable [PermissionError(13, 'Permission denied')]


Error: Error: '/var/log/gunicorn.log' isn't writable [PermissionError(13, 'Permission denied')]


Error: Error: '/var/log/gunicorn.log' isn't writable [PermissionError(13, 'Permission denied')]

