7 1403
<QuerySet [<Payslip: فیش حقوقی تیر ماه محمد ثابت>]>
this_month_total_time: 43.11666666666667
stored otp:None
phonenumber is verifyview: 09129740477
7809
09129740477
stored otp:7809
phonenumber is verifyview: 09129740477
this_month_total_time: 43.11666666666667
9367
09129740477
7 1403
<QuerySet [<Payslip: فیش حقوقی تیر ماه محمد ثابت>]>
this_month_total_time: 43.11666666666667
stored otp:None
phonenumber is verifyview: 09129740477
this_month_total_time: 43.11666666666667
this_month_total_time: 43.11666666666667
7 1403
<QuerySet [<Payslip: فیش حقوقی تیر ماه محمد ثابت>]>
this_month_total_time: 43.11666666666667
7 1403
<QuerySet [<Payslip: فیش حقوقی تیر ماه محمد ثابت>]>
this_month_total_time: 43.11666666666667
this_month_total_time: 43.11666666666667
this_month_total_time: 43.11666666666667
7 1403
<QuerySet [<Payslip: فیش حقوقی تیر ماه محمد ثابت>]>
this_month_total_time: 43.11666666666667
this_month_total_time: 43.11666666666667
7 1403
<QuerySet [<Payslip: فیش حقوقی تیر ماه محمد ثابت>]>
this_month_total_time: 43.11666666666667
this_month_total_time: 43.11666666666667
this_month_total_time: 43.11666666666667
13
this_month_total_time: 43.11666666666667
this_month_total_time: 43.11666666666667
New notification created: test
Number of subscriptions: 8
Sending to subscription: 1
Sending web push with message: {"title": "test", "description": "test notif"}
Web Push failed WebPushException('Push failed: 410 Gone\nResponse body:push subscription has unsubscribed or expired.\n')
Unexpected response: No response
Sending to subscription: 2
Sending web push with message: {"title": "test", "description": "test notif"}
Web Push failed WebPushException('Push failed: 410 Gone\nResponse body:push subscription has unsubscribed or expired.\n')
Unexpected response: No response
Sending to subscription: 3
Sending web push with message: {"title": "test", "description": "test notif"}
Web Push failed WebPushException('Push failed: 410 Gone\nResponse body:push subscription has unsubscribed or expired.\n')
Unexpected response: No response
Sending to subscription: 4
Sending web push with message: {"title": "test", "description": "test notif"}
Web Push failed WebPushException('Push failed: 410 Gone\nResponse body:push subscription has unsubscribed or expired.\n')
Unexpected response: No response
Sending to subscription: 5
Sending web push with message: {"title": "test", "description": "test notif"}
Web Push failed WebPushException('Push failed: 410 Gone\nResponse body:push subscription has unsubscribed or expired.\n')
Unexpected response: No response
Sending to subscription: 6
Sending web push with message: {"title": "test", "description": "test notif"}
Web push response: 201
Notification sent successfully
Sending to subscription: 7
Sending web push with message: {"title": "test", "description": "test notif"}
Web push response: 201
Notification sent successfully
Sending to subscription: 8
Sending web push with message: {"title": "test", "description": "test notif"}
Web push response: 201
Notification sent successfully
this_month_total_time: 43.11666666666667
7 1403
<QuerySet [<Payslip: فیش حقوقی تیر ماه محمد ثابت>]>
this_month_total_time: 43.11666666666667
4025
09129740477
stored otp:4025
phonenumber is verifyview: 09129740477
this_month_total_time: 43.11666666666667
stored otp:4025
phonenumber is verifyview: 09129740477
7 1403
<QuerySet [<Payslip: فیش حقوقی تیر ماه محمد ثابت>]>
this_month_total_time: 43.11666666666667
this_month_total_time: 43.11666666666667
stored otp:4025
phonenumber is verifyview: 09129740477
this_month_total_time: 43.11666666666667
13
this_month_total_time: 43.11666666666667
3793
09129740477
7 1403
<QuerySet [<Payslip: فیش حقوقی تیر ماه محمد ثابت>]>
this_month_total_time: 43.11666666666667
7 1403
<QuerySet [<Payslip: فیش حقوقی تیر ماه محمد ثابت>]>
this_month_total_time: 43.11666666666667
this_month_total_time: 43.11666666666667
this_month_total_time: 43.11666666666667
this_month_total_time: 43.11666666666667
7 1403
<QuerySet [<Payslip: فیش حقوقی تیر ماه محمد ثابت>]>
this_month_total_time: 43.11666666666667
messages: <QuerySet [<Notification: test>, <Notification: فیش حقوقی تیر>, <Notification: salam>, <Notification: تست>]>
this_month_total_time: 43.11666666666667
7 1403
<QuerySet [<Payslip: فیش حقوقی تیر ماه محمد ثابت>]>
this_month_total_time: 43.11666666666667
5876
09129740477
7 1403
<QuerySet [<Payslip: فیش حقوقی تیر ماه محمد ثابت>]>
this_month_total_time: 43.11666666666667
stored otp:5876
phonenumber is verifyview: 09129740477
this_month_total_time: 43.11666666666667
7 1403
<QuerySet [<Payslip: فیش حقوقی تیر ماه محمد ثابت>]>
this_month_total_time: 43.11666666666667
5903
09129740477
stored otp:5903
phonenumber is verifyview: 09129740477
7 1403
<QuerySet [<Payslip: فیش حقوقی تیر ماه محمد ثابت>]>
this_month_total_time: 43.11666666666667
2713
09129740477
stored otp:2713
phonenumber is verifyview: 09129740477
7 1403
<QuerySet [<Payslip: فیش حقوقی تیر ماه محمد ثابت>]>
this_month_total_time: 43.11666666666667
this_month_total_time: 43.11666666666667
this_month_total_time: 43.11666666666667
this_month_total_time: 43.11666666666667
this_month_total_time: 43.11666666666667
this_month_total_time: 43.11666666666667
user logged out.
stored otp:None
phonenumber is verifyview: 09129740477
7 1403
<QuerySet [<Payslip: فیش حقوقی تیر ماه محمد ثابت>]>
this_month_total_time: 43.11666666666667
14
this_month_total_time: 43.11666666666667
this_month_total_time: 0.0
this_month_total_time: 0.0
this_month_total_time: 0.0
this_month_total_time: 0.0
this_month_total_time: 0.0
this_month_total_time: 0.0
this_month_total_time: 0.0
this_month_total_time: 0.0
this_month_total_time: 0.0
this_month_total_time: 0.0
this_month_total_time: 0.0
this_month_total_time: 0.0
this_month_total_time: 0.0
this_month_total_time: 0.0
this_month_total_time: 0.0
this_month_total_time: 0.0
this_month_total_time: 0.0
this_month_total_time: 0.0
this_month_total_time: 0.0
this_month_total_time: 0.0
this_month_total_time: 0.0
this_month_total_time: 0.0
this_month_total_time: 0.0
this_month_total_time: 0.0
7 1403
<QuerySet [<Payslip: فیش حقوقی فروردین ماه محمد ثابت داریانی>]>
this_month_total_time: 0.0
this_month_total_time: 0.0
this_month_total_time: 0.0
this_month_total_time: 0.0
this_month_total_time: 0.0
this_month_total_time: 0.0
this_month_total_time: 0.0
this_month_total_time: 0.0
this_month_total_time: 0.0
7 1403
<QuerySet [<Payslip: فیش حقوقی فروردین ماه محمد ثابت داریانی>]>
this_month_total_time: 0.0
7 1403
<QuerySet [<Payslip: فیش حقوقی فروردین ماه محمد ثابت داریانی>]>
this_month_total_time: 0.0
this_month_total_time: 0.0
17
this_month_total_time: 0.0
this_month_total_time: 0.0
this_month_total_time: 0.0
this_month_total_time: 0.0
this_month_total_time: 0.0
7 1403
<QuerySet [<Payslip: فیش حقوقی فروردین ماه محمد ثابت داریانی>]>
this_month_total_time: 0.0
7 1403
<QuerySet [<Payslip: فیش حقوقی فروردین ماه محمد ثابت داریانی>]>
this_month_total_time: 0.0
this_month_total_time: 0.0
7 1403
<QuerySet [<Payslip: فیش حقوقی فروردین ماه محمد ثابت داریانی>]>
this_month_total_time: 0.0
7 1403
<QuerySet [<Payslip: فیش حقوقی فروردین ماه محمد ثابت داریانی>]>
this_month_total_time: 0.0
7 1403
<QuerySet [<Payslip: فیش حقوقی فروردین ماه محمد ثابت داریانی>]>
this_month_total_time: 0.0
7 1403
<QuerySet [<Payslip: فیش حقوقی فروردین ماه محمد ثابت داریانی>]>
this_month_total_time: 0.0
7 1403
<QuerySet [<Payslip: فیش حقوقی فروردین ماه محمد ثابت داریانی>]>
this_month_total_time: 0.0
7 1403
<QuerySet [<Payslip: فیش حقوقی فروردین ماه محمد ثابت داریانی>]>
this_month_total_time: 0.0
7 1403
<QuerySet [<Payslip: فیش حقوقی فروردین ماه محمد ثابت داریانی>]>
this_month_total_time: 0.0
7 1403
<QuerySet [<Payslip: فیش حقوقی فروردین ماه محمد ثابت داریانی>]>
this_month_total_time: 0.0
7 1403
<QuerySet [<Payslip: فیش حقوقی فروردین ماه محمد ثابت داریانی>]>
this_month_total_time: 0.0
7 1403
<QuerySet [<Payslip: فیش حقوقی فروردین ماه محمد ثابت داریانی>]>
this_month_total_time: 0.0
